Archivo: prueba.cpp
10/10/2022 12:00:04 PM
altura 2 
i = altura = 5
i 0 
j = 0 = 0
j altura i - j 1 i 0 
j = 0 = 0
j altura i - j 1 j altura i - j 1 i 0 
j = 0 = 0
j altura i - j 1 j altura i - j 1 j altura i - j 1 i 0 
j = 0 = 0
j altura i - j 1 j altura i - j 1 j altura i - j 1 j altura i - j 1 i 0 
j = 0 = 0
j altura i - j 1 j altura i - j 1 j altura i - j 1 j altura i - j 1 j altura i - j 1 i 0 
j = 0 = 0
j altura i - j 1 1 1 2 2 
a = 256 = 256
a 
y = a = 0
y 
y = a = 256
Error de semantica: no podemos asignar un: <Int> a un: <Char> en la linea 44
